2018-09-19 11:44:56 [scrapy.utils.log] INFO: Scrapy 1.5.1 started (bot: log)
2018-09-19 11:44:56 [scrapy.utils.log] INFO: Versions: lxml 4.2.2.0, libxml2 2.9.7, cssselect 1.0.3, parsel 1.5.0, w3lib 1.19.0, Twisted 18.7.0, Python 3.7.0b5 (v3.7.0b5:abb8802389, May 31 2018, 01:54:01) [MSC v.1913 64 bit (AMD64)], pyOpenSSL 18.0.0 (OpenSSL 1.1.0h  27 Mar 2018), cryptography 2.2.2, Platform Windows-10-10.0.17134-SP0
2018-09-19 11:44:56 [scrapy.crawler] INFO: Overridden settings: {'BOT_NAME': 'log', 'LOG_FILE': 'biantai.log', 'NEWSPIDER_MODULE': 'log.spiders', 'SPIDER_MODULES': ['log.spiders'], 'USER_AGENT': 'Mozilla/5.0 (Windows NT 10.0; Win64; x64) AppleWebKit/537.36 (KHTML, like Gecko) Chrome/69.0.3497.100 Safari/537.36'}
2018-09-19 11:44:56 [scrapy.middleware] INFO: Enabled extensions:
['scrapy.extensions.corestats.CoreStats',
 'scrapy.extensions.telnet.TelnetConsole',
 'scrapy.extensions.logstats.LogStats']
2018-09-19 11:44:56 [scrapy.middleware] INFO: Enabled downloader middlewares:
['scrapy.downloadermiddlewares.httpauth.HttpAuthMiddleware',
 'scrapy.downloadermiddlewares.downloadtimeout.DownloadTimeoutMiddleware',
 'scrapy.downloadermiddlewares.defaultheaders.DefaultHeadersMiddleware',
 'scrapy.downloadermiddlewares.useragent.UserAgentMiddleware',
 'scrapy.downloadermiddlewares.retry.RetryMiddleware',
 'scrapy.downloadermiddlewares.redirect.MetaRefreshMiddleware',
 'scrapy.downloadermiddlewares.httpcompression.HttpCompressionMiddleware',
 'scrapy.downloadermiddlewares.redirect.RedirectMiddleware',
 'scrapy.downloadermiddlewares.cookies.CookiesMiddleware',
 'scrapy.downloadermiddlewares.httpproxy.HttpProxyMiddleware',
 'scrapy.downloadermiddlewares.stats.DownloaderStats']
2018-09-19 11:44:56 [scrapy.middleware] INFO: Enabled spider middlewares:
['scrapy.spidermiddlewares.httperror.HttpErrorMiddleware',
 'scrapy.spidermiddlewares.offsite.OffsiteMiddleware',
 'scrapy.spidermiddlewares.referer.RefererMiddleware',
 'scrapy.spidermiddlewares.urllength.UrlLengthMiddleware',
 'scrapy.spidermiddlewares.depth.DepthMiddleware']
2018-09-19 11:44:56 [scrapy.middleware] INFO: Enabled item pipelines:
[]
2018-09-19 11:44:56 [scrapy.core.engine] INFO: Spider opened
2018-09-19 11:44:56 [scrapy.extensions.logstats] INFO: Crawled 0 pages (at 0 pages/min), scraped 0 items (at 0 items/min)
2018-09-19 11:44:56 [scrapy.extensions.telnet] DEBUG: Telnet console listening on 127.0.0.1:6024
2018-09-19 11:44:56 [scrapy.downloadermiddlewares.redirect] DEBUG: Redirecting (302) to <GET https://www.baidu.com/> from <GET http://www.baidu.com/>
2018-09-19 11:44:56 [scrapy.core.engine] DEBUG: Crawled (200) <GET https://www.baidu.com/> (referer: None)
2018-09-19 11:44:56 [scrapy.core.engine] INFO: Closing spider (finished)
2018-09-19 11:44:56 [scrapy.statscollectors] INFO: Dumping Scrapy stats:
{'downloader/request_bytes': 735,
 'downloader/request_count': 2,
 'downloader/request_method_count/GET': 2,
 'downloader/response_bytes': 34667,
 'downloader/response_count': 2,
 'downloader/response_status_count/200': 1,
 'downloader/response_status_count/302': 1,
 'finish_reason': 'finished',
 'finish_time': datetime.datetime(2018, 9, 19, 3, 44, 56, 689947),
 'log_count/DEBUG': 3,
 'log_count/INFO': 7,
 'response_received_count': 1,
 'scheduler/dequeued': 2,
 'scheduler/dequeued/memory': 2,
 'scheduler/enqueued': 2,
 'scheduler/enqueued/memory': 2,
 'start_time': datetime.datetime(2018, 9, 19, 3, 44, 56, 203431)}
2018-09-19 11:44:56 [scrapy.core.engine] INFO: Spider closed (finished)
